mode: set
github.com/garoque/backend-code-challenge-snapfi/internal/app/transaction/transaction.go:23.72,25.2 1 1
github.com/garoque/backend-code-challenge-snapfi/internal/app/transaction/transaction.go:27.121,29.16 2 1
github.com/garoque/backend-code-challenge-snapfi/internal/app/transaction/transaction.go:34.2,35.16 2 1
github.com/garoque/backend-code-challenge-snapfi/internal/app/transaction/transaction.go:42.2,43.16 2 1
github.com/garoque/backend-code-challenge-snapfi/internal/app/transaction/transaction.go:50.2,58.45 7 1
github.com/garoque/backend-code-challenge-snapfi/internal/app/transaction/transaction.go:65.2,67.16 3 1
github.com/garoque/backend-code-challenge-snapfi/internal/app/transaction/transaction.go:75.2,77.16 3 1
github.com/garoque/backend-code-challenge-snapfi/internal/app/transaction/transaction.go:86.2,88.25 2 1
github.com/garoque/backend-code-challenge-snapfi/internal/app/transaction/transaction.go:29.16,32.3 2 1
github.com/garoque/backend-code-challenge-snapfi/internal/app/transaction/transaction.go:35.16,40.3 3 1
github.com/garoque/backend-code-challenge-snapfi/internal/app/transaction/transaction.go:43.16,48.3 3 1
github.com/garoque/backend-code-challenge-snapfi/internal/app/transaction/transaction.go:58.45,63.3 3 1
github.com/garoque/backend-code-challenge-snapfi/internal/app/transaction/transaction.go:67.16,73.3 4 1
github.com/garoque/backend-code-challenge-snapfi/internal/app/transaction/transaction.go:77.16,84.3 5 1
github.com/garoque/backend-code-challenge-snapfi/internal/app/transaction/transaction.go:91.141,95.2 3 1
github.com/garoque/backend-code-challenge-snapfi/internal/app/transaction/transaction.go:97.118,99.88 2 1
github.com/garoque/backend-code-challenge-snapfi/internal/app/transaction/transaction.go:99.88,101.3 1 0
github.com/garoque/backend-code-challenge-snapfi/internal/app/transaction/transaction.go:104.123,106.88 2 1
github.com/garoque/backend-code-challenge-snapfi/internal/app/transaction/transaction.go:106.88,108.3 1 0
github.com/garoque/backend-code-challenge-snapfi/internal/app/transaction/transaction.go:111.137,119.16 3 1
github.com/garoque/backend-code-challenge-snapfi/internal/app/transaction/transaction.go:124.2,125.16 2 1
github.com/garoque/backend-code-challenge-snapfi/internal/app/transaction/transaction.go:131.2,138.16 6 1
github.com/garoque/backend-code-challenge-snapfi/internal/app/transaction/transaction.go:145.2,148.16 3 1
github.com/garoque/backend-code-challenge-snapfi/internal/app/transaction/transaction.go:153.2,153.24 1 1
github.com/garoque/backend-code-challenge-snapfi/internal/app/transaction/transaction.go:119.16,122.3 2 1
github.com/garoque/backend-code-challenge-snapfi/internal/app/transaction/transaction.go:125.16,129.3 3 1
github.com/garoque/backend-code-challenge-snapfi/internal/app/transaction/transaction.go:138.16,143.3 4 1
github.com/garoque/backend-code-challenge-snapfi/internal/app/transaction/transaction.go:148.16,151.3 2 1
github.com/garoque/backend-code-challenge-snapfi/internal/app/user/user.go:21.58,23.2 1 1
github.com/garoque/backend-code-challenge-snapfi/internal/app/user/user.go:25.75,27.16 2 1
github.com/garoque/backend-code-challenge-snapfi/internal/app/user/user.go:32.2,32.12 1 1
github.com/garoque/backend-code-challenge-snapfi/internal/app/user/user.go:27.16,30.3 2 1
github.com/garoque/backend-code-challenge-snapfi/internal/app/user/user.go:35.93,37.16 2 1
github.com/garoque/backend-code-challenge-snapfi/internal/app/user/user.go:42.2,42.18 1 1
github.com/garoque/backend-code-challenge-snapfi/internal/app/user/user.go:37.16,40.3 2 1
github.com/garoque/backend-code-challenge-snapfi/internal/app/user/user.go:45.75,47.16 2 1
github.com/garoque/backend-code-challenge-snapfi/internal/app/user/user.go:52.2,52.19 1 1
github.com/garoque/backend-code-challenge-snapfi/internal/app/user/user.go:47.16,50.3 2 1
github.com/garoque/backend-code-challenge-snapfi/internal/database/transaction/transaction.go:25.75,27.2 1 1
github.com/garoque/backend-code-challenge-snapfi/internal/database/transaction/transaction.go:29.86,40.16 4 1
github.com/garoque/backend-code-challenge-snapfi/internal/database/transaction/transaction.go:46.2,47.16 2 1
github.com/garoque/backend-code-challenge-snapfi/internal/database/transaction/transaction.go:52.2,52.12 1 1
github.com/garoque/backend-code-challenge-snapfi/internal/database/transaction/transaction.go:40.16,44.3 3 1
github.com/garoque/backend-code-challenge-snapfi/internal/database/transaction/transaction.go:47.16,50.3 2 1
github.com/garoque/backend-code-challenge-snapfi/internal/database/transaction/transaction.go:55.76,60.16 4 1
github.com/garoque/backend-code-challenge-snapfi/internal/database/transaction/transaction.go:66.2,67.16 2 1
github.com/garoque/backend-code-challenge-snapfi/internal/database/transaction/transaction.go:72.2,72.12 1 1
github.com/garoque/backend-code-challenge-snapfi/internal/database/transaction/transaction.go:60.16,64.3 3 1
github.com/garoque/backend-code-challenge-snapfi/internal/database/transaction/transaction.go:67.16,70.3 2 1
github.com/garoque/backend-code-challenge-snapfi/internal/database/transaction/transaction.go:75.84,82.16 5 1
github.com/garoque/backend-code-challenge-snapfi/internal/database/transaction/transaction.go:88.2,89.16 2 1
github.com/garoque/backend-code-challenge-snapfi/internal/database/transaction/transaction.go:94.2,94.21 1 1
github.com/garoque/backend-code-challenge-snapfi/internal/database/transaction/transaction.go:82.16,86.3 3 1
github.com/garoque/backend-code-challenge-snapfi/internal/database/transaction/transaction.go:89.16,92.3 2 1
github.com/garoque/backend-code-challenge-snapfi/internal/database/transaction/transaction.go:97.94,102.16 4 1
github.com/garoque/backend-code-challenge-snapfi/internal/database/transaction/transaction.go:108.2,109.16 2 1
github.com/garoque/backend-code-challenge-snapfi/internal/database/transaction/transaction.go:114.2,114.12 1 1
github.com/garoque/backend-code-challenge-snapfi/internal/database/transaction/transaction.go:102.16,106.3 3 1
github.com/garoque/backend-code-challenge-snapfi/internal/database/transaction/transaction.go:109.16,112.3 2 1
github.com/garoque/backend-code-challenge-snapfi/internal/database/user/user.go:24.61,26.2 1 1
github.com/garoque/backend-code-challenge-snapfi/internal/database/user/user.go:28.70,33.16 4 1
github.com/garoque/backend-code-challenge-snapfi/internal/database/user/user.go:39.2,40.16 2 1
github.com/garoque/backend-code-challenge-snapfi/internal/database/user/user.go:45.2,45.12 1 1
github.com/garoque/backend-code-challenge-snapfi/internal/database/user/user.go:33.16,37.3 3 1
github.com/garoque/backend-code-challenge-snapfi/internal/database/user/user.go:40.16,43.3 2 1
github.com/garoque/backend-code-challenge-snapfi/internal/database/user/user.go:48.70,53.16 4 1
github.com/garoque/backend-code-challenge-snapfi/internal/database/user/user.go:58.2,58.19 1 1
github.com/garoque/backend-code-challenge-snapfi/internal/database/user/user.go:53.16,56.3 2 1
github.com/garoque/backend-code-challenge-snapfi/internal/database/user/user.go:61.88,66.16 4 1
github.com/garoque/backend-code-challenge-snapfi/internal/database/user/user.go:71.2,71.18 1 1
github.com/garoque/backend-code-challenge-snapfi/internal/database/user/user.go:66.16,69.3 2 1
